I,1730647710,1.1.5
S,lmsensor nouveau-pci-0100 fan1,20102
S,lmsensor nouveau-pci-0100 temp1,101
S,lmsensor nvme-pci-0200 Composite,101
S,lmsensor mt7921_phy0-pci-0f00 temp1,101
S,lmsensor k10temp-pci-00c3 Tctl,101
S,lmsensor k10temp-pci-00c3 Tccd1,101
S,lmsensor k10temp-pci-00c3 Tccd2,101
S,gtop2 cpu usage,8404
S,gtop2 mem free,200404
0,0.0,35.0,40.9,28.0,42.5,34.1,33.1,0.4,93.1
300,,38.0,43.9,30.0,42.0,35.1,33.5,0.1,55.5
601,,39.0,44.9,,43.0,,34.5,0.1,48.0
I,1730868154,1.1.5
S,lmsensor mt7921_phy0-pci-0e00 temp1,101
S,lmsensor k10temp-pci-00c3 Tctl,101
S,lmsensor k10temp-pci-00c3 Tccd1,101
S,lmsensor k10temp-pci-00c3 Tccd2,101
S,lmsensor nvme-pci-1500 Composite,101
S,lmsensor nvme-pci-1500 Sensor 1,101
S,lmsensor nvme-pci-1500 Sensor 2,101
S,lmsensor amdgpu-pci-1600 edge,101
S,lmsensor nvme-pci-0100 Composite,101
S,gtop2 cpu usage,8404
S,gtop2 mem free,200404
0,0.0,0.0,0.0,0.0,0.0,0.0,0.0,0.0,0.0,0.0,0.0
308,30.0,36.6,29.5,28.5,28.9,28.9,28.9,33.0,34.9,0.0,93.9
608,28.0,38.8,30.5,29.9,,,,,35.9,0.3,93.5
908,,36.8,29.5,28.9,,,,32.0,34.9,0.1,93.3
1208,,38.6,30.5,29.9,,,,33.0,,0.4,93.4
I,1730890988,1.1.5
S,lmsensor mt7921_phy0-pci-0e00 temp1,101
S,lmsensor k10temp-pci-00c3 Tctl,101
S,lmsensor k10temp-pci-00c3 Tccd1,101
S,lmsensor k10temp-pci-00c3 Tccd2,101
S,lmsensor nvme-pci-1500 Composite,101
S,lmsensor nvme-pci-1500 Sensor 1,101
S,lmsensor nvme-pci-1500 Sensor 2,101
S,lmsensor amdgpu-pci-1600 edge,101
S,lmsensor nvme-pci-0100 Composite,101
S,gtop2 cpu usage,8404
S,gtop2 mem free,200404
0,0.0,0.0,0.0,0.0,0.0,0.0,0.0,0.0,0.0,0.0,0.0
300,30.0,39.2,32.4,31.8,30.9,30.9,30.9,35.0,37.9,0.3,69.5
600,,39.5,,,,,,,,0.1,95.0
I,1730967349,1.1.5
S,lmsensor mt7921_phy0-pci-0f00 temp1,101
S,lmsensor k10temp-pci-00c3 Tctl,101
S,lmsensor k10temp-pci-00c3 Tccd1,101
S,lmsensor k10temp-pci-00c3 Tccd2,101
S,lmsensor nvme-pci-0200 Composite,101
S,lmsensor nouveau-pci-0100 fan1,20102
S,lmsensor nouveau-pci-0100 temp1,101
S,lmsensor nvme-pci-1600 Composite,101
S,lmsensor nvme-pci-1600 Sensor 1,101
S,lmsensor nvme-pci-1600 Sensor 2,101
S,gtop2 cpu usage,8404
S,gtop2 mem free,200404
0,0.0,0.0,0.0,0.0,0.0,0.0,0.0,0.0,0.0,0.0,0.0,0.0
I,1731311164,1.1.5
S,lmsensor mt7921_phy0-pci-0f00 temp1,101
S,lmsensor k10temp-pci-00c3 Tctl,101
S,lmsensor k10temp-pci-00c3 Tccd1,101
S,lmsensor k10temp-pci-00c3 Tccd2,101
S,lmsensor nvme-pci-1600 Composite,101
S,lmsensor nvme-pci-1600 Sensor 1,101
S,lmsensor nvme-pci-1600 Sensor 2,101
S,lmsensor nouveau-pci-0100 fan1,20102
S,lmsensor nouveau-pci-0100 temp1,101
S,lmsensor nvme-pci-0200 Composite,101
S,gtop2 cpu usage,8404
S,gtop2 mem free,200404
0,0.0,0.0,0.0,0.0,0.0,0.0,0.0,0.0,0.0,0.0,0.0,0.0
I,1731311520,1.1.5
S,lmsensor mt7921_phy0-pci-0f00 temp1,101
S,lmsensor k10temp-pci-00c3 Tctl,101
S,lmsensor k10temp-pci-00c3 Tccd1,101
S,lmsensor k10temp-pci-00c3 Tccd2,101
S,lmsensor nvme-pci-1600 Composite,101
S,lmsensor nvme-pci-1600 Sensor 1,101
S,lmsensor nvme-pci-1600 Sensor 2,101
S,lmsensor nouveau-pci-0100 fan1,20102
S,lmsensor nouveau-pci-0100 temp1,101
S,lmsensor nvme-pci-0200 Composite,101
S,gtop2 cpu usage,8404
S,gtop2 mem free,200404
0,0.0,0.0,0.0,0.0,0.0,0.0,0.0,0.0,0.0,0.0,0.0,0.0
300,34.0,43.4,33.8,32.6,37.9,37.9,37.9,0.0,45.0,43.9,0.1,46.1
600,,42.5,34.1,34.0,,,,,,,0.1,45.8
900,,43.5,35.1,,,,,,46.0,44.9,0.2,45.3
1200,,45.4,38.4,37.2,,,38.9,,,,1.0,47.3
I,1731388038,1.1.5
S,lmsensor mt7921_phy0-pci-0f00 temp1,101
S,lmsensor k10temp-pci-00c3 Tctl,101
S,lmsensor k10temp-pci-00c3 Tccd1,101
S,lmsensor k10temp-pci-00c3 Tccd2,101
S,lmsensor nvme-pci-0200 Composite,101
S,lmsensor nouveau-pci-0100 fan1,20102
S,lmsensor nouveau-pci-0100 temp1,101
S,lmsensor nvme-pci-1600 Composite,101
S,lmsensor nvme-pci-1600 Sensor 1,101
S,lmsensor nvme-pci-1600 Sensor 2,101
S,gtop2 cpu usage,8404
S,gtop2 mem free,200404
0,0.0,0.0,0.0,0.0,0.0,0.0,0.0,0.0,0.0,0.0,0.0,0.0
I,1731558845,1.1.5
S,lmsensor nouveau-pci-0100 fan1,20102
S,lmsensor nouveau-pci-0100 temp1,101
S,lmsensor nvme-pci-0200 Composite,101
S,lmsensor k10temp-pci-00c3 Tctl,101
S,lmsensor k10temp-pci-00c3 Tccd1,101
S,lmsensor k10temp-pci-00c3 Tccd2,101
S,gtop2 cpu usage,8404
S,gtop2 mem free,200404
0,0.0,0.0,0.0,0.0,0.0,0.0,0.0,0.0
301,0.0,36.0,37.9,39.8,32.8,30.8,0.0,91.6
